
======== GPU REPORT ========

==============NVSMI LOG==============

Timestamp                                 : Wed Aug 16 08:08:26 2023
Driver Version                            : 515.65.01
CUDA Version                              : 11.7

Attached GPUs                             : 2
GPU 00000000:8A:00.0
    Accounting Mode                       : Enabled
    Accounting Mode Buffer Size           : 4000
    Accounted Processes
        Process ID                        : 37459
            GPU Utilization               : 94 %
            Memory Utilization            : 25 %
            Max memory usage              : 28289 MiB
            Time                          : 0 ms
            Is Running                    : 1

GPU 00000000:B2:00.0
    Accounting Mode                       : Enabled
    Accounting Mode Buffer Size           : 4000
    Accounted Processes
        Process ID                        : 37459
            GPU Utilization               : 0 %
            Memory Utilization            : 0 %
            Max memory usage              : 12103 MiB
            Time                          : 0 ms
            Is Running                    : 1

Wed Aug 16 08:08:26 2023       
+-----------------------------------------------------------------------------+
| NVIDIA-SMI 515.65.01    Driver Version: 515.65.01    CUDA Version: 11.7     |
|-------------------------------+----------------------+----------------------+
| GPU  Name        Persistence-M| Bus-Id        Disp.A | Volatile Uncorr. ECC |
| Fan  Temp  Perf  Pwr:Usage/Cap|         Memory-Usage | GPU-Util  Compute M. |
|                               |                      |               MIG M. |
|===============================+======================+======================|
|   0  Tesla V100-SXM2...  On   | 00000000:8A:00.0 Off |                    0 |
| N/A   65C    P0    81W / 300W |  28289MiB / 32768MiB |      1%      Default |
|                               |                      |                  N/A |
+-------------------------------+----------------------+----------------------+
|   1  Tesla V100-SXM2...  On   | 00000000:B2:00.0 Off |                    0 |
| N/A   32C    P0    56W / 300W |  12103MiB / 32768MiB |      1%      Default |
|                               |                      |                  N/A |
+-------------------------------+----------------------+----------------------+
                                                                               
+-----------------------------------------------------------------------------+
| Processes:                                                                  |
|  GPU   GI   CI        PID   Type   Process name                  GPU Memory |
|        ID   ID                                                   Usage      |
|=============================================================================|
+-----------------------------------------------------------------------------+
